[2019-02-02 20:01:36] laravel.EMERGENCY: Unable to create configured logger. Using emergency logger. {"exception":"[object] (InvalidArgumentException(code: 0): Log [] is not defined. at D:\\Desktop\\Laravel\\Vendor\\laravel\\framework\\src\\Illuminate\\Log\\LogManager.php:168)
[stacktrace]
#0 D:\\Desktop\\Laravel\\Vendor\\laravel\\framework\\src\\Illuminate\\Log\\LogManager.php(102): Illuminate\\Log\\LogManager->resolve(NULL)
#1 D:\\Desktop\\Laravel\\Vendor\\laravel\\framework\\src\\Illuminate\\Log\\LogManager.php(90): Illuminate\\Log\\LogManager->get(NULL)
#2 D:\\Desktop\\Laravel\\Vendor\\laravel\\framework\\src\\Illuminate\\Log\\LogManager.php(498): Illuminate\\Log\\LogManager->driver()
#3 D:\\Desktop\\Laravel\\Vendor\\laravel\\framework\\src\\Illuminate\\Foundation\\Exceptions\\Handler.php(114): Illuminate\\Log\\LogManager->error('Directory name ...', Array)
#4 D:\\Desktop\\Laravel\\App\\Handler.php(20): Illuminate\\Foundation\\Exceptions\\Handler->report(Object(RuntimeException))
#5 D:\\Desktop\\Laravel\\Vendor\\laravel\\framework\\src\\Illuminate\\Foundation\\Http\\Kernel.php(314): App\\Handler->report(Object(RuntimeException))
#6 D:\\Desktop\\Laravel\\Vendor\\laravel\\framework\\src\\Illuminate\\Foundation\\Http\\Kernel.php(118): Illuminate\\Foundation\\Http\\Kernel->reportException(Object(RuntimeException))
#7 D:\\Desktop\\Laravel\\Public\\index.php(9): Illuminate\\Foundation\\Http\\Kernel->handle(Object(Illuminate\\Http\\Request))
#8 D:\\Desktop\\Laravel\\Server.php(11): require_once('D:\\\\Desktop\\\\Lara...')
#9 {main}
"} 
[2019-02-02 20:01:36] laravel.ERROR: Directory name must not be empty. {"exception":"[object] (RuntimeException(code: 0): Directory name must not be empty. at D:\\Desktop\\Laravel\\Vendor\\symfony\\finder\\Iterator\\RecursiveDirectoryIterator.php:48)
[stacktrace]
#0 D:\\Desktop\\Laravel\\Vendor\\symfony\\finder\\Iterator\\RecursiveDirectoryIterator.php(48): RecursiveDirectoryIterator->__construct('', 4096)
#1 D:\\Desktop\\Laravel\\Vendor\\symfony\\finder\\Finder.php(713): Symfony\\Component\\Finder\\Iterator\\RecursiveDirectoryIterator->__construct('', 4096, false)
#2 D:\\Desktop\\Laravel\\Vendor\\symfony\\finder\\Finder.php(606): Symfony\\Component\\Finder\\Finder->searchInDirectory('')
#3 D:\\Desktop\\Laravel\\Vendor\\laravel\\framework\\src\\Illuminate\\Foundation\\Bootstrap\\LoadConfiguration.php(88): Symfony\\Component\\Finder\\Finder->getIterator()
#4 D:\\Desktop\\Laravel\\Vendor\\laravel\\framework\\src\\Illuminate\\Foundation\\Bootstrap\\LoadConfiguration.php(65): Illuminate\\Foundation\\Bootstrap\\LoadConfiguration->getConfigurationFiles(Object(App))
#5 D:\\Desktop\\Laravel\\Vendor\\laravel\\framework\\src\\Illuminate\\Foundation\\Bootstrap\\LoadConfiguration.php(39): Illuminate\\Foundation\\Bootstrap\\LoadConfiguration->loadConfigurationFiles(Object(App), Object(Illuminate\\Config\\Repository))
#6 D:\\Desktop\\Laravel\\Vendor\\laravel\\framework\\src\\Illuminate\\Foundation\\Application.php(211): Illuminate\\Foundation\\Bootstrap\\LoadConfiguration->bootstrap(Object(App))
#7 D:\\Desktop\\Laravel\\Vendor\\laravel\\framework\\src\\Illuminate\\Foundation\\Http\\Kernel.php(162): Illuminate\\Foundation\\Application->bootstrapWith(Array)
#8 D:\\Desktop\\Laravel\\Vendor\\laravel\\framework\\src\\Illuminate\\Foundation\\Http\\Kernel.php(146): Illuminate\\Foundation\\Http\\Kernel->bootstrap()
#9 D:\\Desktop\\Laravel\\Vendor\\laravel\\framework\\src\\Illuminate\\Foundation\\Http\\Kernel.php(116): Illuminate\\Foundation\\Http\\Kernel->sendRequestThroughRouter(Object(Illuminate\\Http\\Request))
#10 D:\\Desktop\\Laravel\\Public\\index.php(9): Illuminate\\Foundation\\Http\\Kernel->handle(Object(Illuminate\\Http\\Request))
#11 D:\\Desktop\\Laravel\\Server.php(11): require_once('D:\\\\Desktop\\\\Lara...')
#12 {main}
"} 
[2019-02-02 20:02:51] laravel.EMERGENCY: Unable to create configured logger. Using emergency logger. {"exception":"[object] (InvalidArgumentException(code: 0): Log [] is not defined. at D:\\Desktop\\Laravel\\Vendor\\laravel\\framework\\src\\Illuminate\\Log\\LogManager.php:168)
[stacktrace]
#0 D:\\Desktop\\Laravel\\Vendor\\laravel\\framework\\src\\Illuminate\\Log\\LogManager.php(102): Illuminate\\Log\\LogManager->resolve(NULL)
#1 D:\\Desktop\\Laravel\\Vendor\\laravel\\framework\\src\\Illuminate\\Log\\LogManager.php(90): Illuminate\\Log\\LogManager->get(NULL)
#2 D:\\Desktop\\Laravel\\Vendor\\laravel\\framework\\src\\Illuminate\\Log\\LogManager.php(498): Illuminate\\Log\\LogManager->driver()
#3 D:\\Desktop\\Laravel\\Vendor\\laravel\\framework\\src\\Illuminate\\Foundation\\Exceptions\\Handler.php(114): Illuminate\\Log\\LogManager->error('Directory name ...', Array)
#4 D:\\Desktop\\Laravel\\App\\Handler.php(20): Illuminate\\Foundation\\Exceptions\\Handler->report(Object(RuntimeException))
#5 D:\\Desktop\\Laravel\\Vendor\\laravel\\framework\\src\\Illuminate\\Foundation\\Http\\Kernel.php(314): App\\Handler->report(Object(RuntimeException))
#6 D:\\Desktop\\Laravel\\Vendor\\laravel\\framework\\src\\Illuminate\\Foundation\\Http\\Kernel.php(118): Illuminate\\Foundation\\Http\\Kernel->reportException(Object(RuntimeException))
#7 D:\\Desktop\\Laravel\\Public\\index.php(9): Illuminate\\Foundation\\Http\\Kernel->handle(Object(Illuminate\\Http\\Request))
#8 D:\\Desktop\\Laravel\\Server.php(11): require_once('D:\\\\Desktop\\\\Lara...')
#9 {main}
"} 
[2019-02-02 20:02:51] laravel.ERROR: Directory name must not be empty. {"exception":"[object] (RuntimeException(code: 0): Directory name must not be empty. at D:\\Desktop\\Laravel\\Vendor\\symfony\\finder\\Iterator\\RecursiveDirectoryIterator.php:48)
[stacktrace]
#0 D:\\Desktop\\Laravel\\Vendor\\symfony\\finder\\Iterator\\RecursiveDirectoryIterator.php(48): RecursiveDirectoryIterator->__construct('', 4096)
#1 D:\\Desktop\\Laravel\\Vendor\\symfony\\finder\\Finder.php(713): Symfony\\Component\\Finder\\Iterator\\RecursiveDirectoryIterator->__construct('', 4096, false)
#2 D:\\Desktop\\Laravel\\Vendor\\symfony\\finder\\Finder.php(606): Symfony\\Component\\Finder\\Finder->searchInDirectory('')
#3 D:\\Desktop\\Laravel\\Vendor\\laravel\\framework\\src\\Illuminate\\Foundation\\Bootstrap\\LoadConfiguration.php(88): Symfony\\Component\\Finder\\Finder->getIterator()
#4 D:\\Desktop\\Laravel\\Vendor\\laravel\\framework\\src\\Illuminate\\Foundation\\Bootstrap\\LoadConfiguration.php(65): Illuminate\\Foundation\\Bootstrap\\LoadConfiguration->getConfigurationFiles(Object(App))
#5 D:\\Desktop\\Laravel\\Vendor\\laravel\\framework\\src\\Illuminate\\Foundation\\Bootstrap\\LoadConfiguration.php(39): Illuminate\\Foundation\\Bootstrap\\LoadConfiguration->loadConfigurationFiles(Object(App), Object(Illuminate\\Config\\Repository))
#6 D:\\Desktop\\Laravel\\Vendor\\laravel\\framework\\src\\Illuminate\\Foundation\\Application.php(211): Illuminate\\Foundation\\Bootstrap\\LoadConfiguration->bootstrap(Object(App))
#7 D:\\Desktop\\Laravel\\Vendor\\laravel\\framework\\src\\Illuminate\\Foundation\\Http\\Kernel.php(162): Illuminate\\Foundation\\Application->bootstrapWith(Array)
#8 D:\\Desktop\\Laravel\\Vendor\\laravel\\framework\\src\\Illuminate\\Foundation\\Http\\Kernel.php(146): Illuminate\\Foundation\\Http\\Kernel->bootstrap()
#9 D:\\Desktop\\Laravel\\Vendor\\laravel\\framework\\src\\Illuminate\\Foundation\\Http\\Kernel.php(116): Illuminate\\Foundation\\Http\\Kernel->sendRequestThroughRouter(Object(Illuminate\\Http\\Request))
#10 D:\\Desktop\\Laravel\\Public\\index.php(9): Illuminate\\Foundation\\Http\\Kernel->handle(Object(Illuminate\\Http\\Request))
#11 D:\\Desktop\\Laravel\\Server.php(11): require_once('D:\\\\Desktop\\\\Lara...')
#12 {main}
"} 
[2019-02-02 20:03:06] laravel.EMERGENCY: Unable to create configured logger. Using emergency logger. {"exception":"[object] (InvalidArgumentException(code: 0): Log [] is not defined. at D:\\Desktop\\Laravel\\Vendor\\laravel\\framework\\src\\Illuminate\\Log\\LogManager.php:168)
[stacktrace]
#0 D:\\Desktop\\Laravel\\Vendor\\laravel\\framework\\src\\Illuminate\\Log\\LogManager.php(102): Illuminate\\Log\\LogManager->resolve(NULL)
#1 D:\\Desktop\\Laravel\\Vendor\\laravel\\framework\\src\\Illuminate\\Log\\LogManager.php(90): Illuminate\\Log\\LogManager->get(NULL)
#2 D:\\Desktop\\Laravel\\Vendor\\laravel\\framework\\src\\Illuminate\\Log\\LogManager.php(498): Illuminate\\Log\\LogManager->driver()
#3 D:\\Desktop\\Laravel\\Vendor\\laravel\\framework\\src\\Illuminate\\Foundation\\Exceptions\\Handler.php(114): Illuminate\\Log\\LogManager->error('Directory name ...', Array)
#4 D:\\Desktop\\Laravel\\App\\Handler.php(20): Illuminate\\Foundation\\Exceptions\\Handler->report(Object(RuntimeException))
#5 D:\\Desktop\\Laravel\\Vendor\\laravel\\framework\\src\\Illuminate\\Foundation\\Http\\Kernel.php(314): App\\Handler->report(Object(RuntimeException))
#6 D:\\Desktop\\Laravel\\Vendor\\laravel\\framework\\src\\Illuminate\\Foundation\\Http\\Kernel.php(118): Illuminate\\Foundation\\Http\\Kernel->reportException(Object(RuntimeException))
#7 D:\\Desktop\\Laravel\\Public\\index.php(9): Illuminate\\Foundation\\Http\\Kernel->handle(Object(Illuminate\\Http\\Request))
#8 D:\\Desktop\\Laravel\\Server.php(11): require_once('D:\\\\Desktop\\\\Lara...')
#9 {main}
"} 
[2019-02-02 20:03:06] laravel.ERROR: Directory name must not be empty. {"exception":"[object] (RuntimeException(code: 0): Directory name must not be empty. at D:\\Desktop\\Laravel\\Vendor\\symfony\\finder\\Iterator\\RecursiveDirectoryIterator.php:48)
[stacktrace]
#0 D:\\Desktop\\Laravel\\Vendor\\symfony\\finder\\Iterator\\RecursiveDirectoryIterator.php(48): RecursiveDirectoryIterator->__construct('', 4096)
#1 D:\\Desktop\\Laravel\\Vendor\\symfony\\finder\\Finder.php(713): Symfony\\Component\\Finder\\Iterator\\RecursiveDirectoryIterator->__construct('', 4096, false)
#2 D:\\Desktop\\Laravel\\Vendor\\symfony\\finder\\Finder.php(606): Symfony\\Component\\Finder\\Finder->searchInDirectory('')
#3 D:\\Desktop\\Laravel\\Vendor\\laravel\\framework\\src\\Illuminate\\Foundation\\Bootstrap\\LoadConfiguration.php(88): Symfony\\Component\\Finder\\Finder->getIterator()
#4 D:\\Desktop\\Laravel\\Vendor\\laravel\\framework\\src\\Illuminate\\Foundation\\Bootstrap\\LoadConfiguration.php(65): Illuminate\\Foundation\\Bootstrap\\LoadConfiguration->getConfigurationFiles(Object(App))
#5 D:\\Desktop\\Laravel\\Vendor\\laravel\\framework\\src\\Illuminate\\Foundation\\Bootstrap\\LoadConfiguration.php(39): Illuminate\\Foundation\\Bootstrap\\LoadConfiguration->loadConfigurationFiles(Object(App), Object(Illuminate\\Config\\Repository))
#6 D:\\Desktop\\Laravel\\Vendor\\laravel\\framework\\src\\Illuminate\\Foundation\\Application.php(211): Illuminate\\Foundation\\Bootstrap\\LoadConfiguration->bootstrap(Object(App))
#7 D:\\Desktop\\Laravel\\Vendor\\laravel\\framework\\src\\Illuminate\\Foundation\\Http\\Kernel.php(162): Illuminate\\Foundation\\Application->bootstrapWith(Array)
#8 D:\\Desktop\\Laravel\\Vendor\\laravel\\framework\\src\\Illuminate\\Foundation\\Http\\Kernel.php(146): Illuminate\\Foundation\\Http\\Kernel->bootstrap()
#9 D:\\Desktop\\Laravel\\Vendor\\laravel\\framework\\src\\Illuminate\\Foundation\\Http\\Kernel.php(116): Illuminate\\Foundation\\Http\\Kernel->sendRequestThroughRouter(Object(Illuminate\\Http\\Request))
#10 D:\\Desktop\\Laravel\\Public\\index.php(9): Illuminate\\Foundation\\Http\\Kernel->handle(Object(Illuminate\\Http\\Request))
#11 D:\\Desktop\\Laravel\\Server.php(11): require_once('D:\\\\Desktop\\\\Lara...')
#12 {main}
"} 
[2019-02-02 20:05:15] laravel.EMERGENCY: Unable to create configured logger. Using emergency logger. {"exception":"[object] (InvalidArgumentException(code: 0): Log [] is not defined. at D:\\Desktop\\Laravel\\Vendor\\laravel\\framework\\src\\Illuminate\\Log\\LogManager.php:168)
[stacktrace]
#0 D:\\Desktop\\Laravel\\Vendor\\laravel\\framework\\src\\Illuminate\\Log\\LogManager.php(102): Illuminate\\Log\\LogManager->resolve(NULL)
#1 D:\\Desktop\\Laravel\\Vendor\\laravel\\framework\\src\\Illuminate\\Log\\LogManager.php(90): Illuminate\\Log\\LogManager->get(NULL)
#2 D:\\Desktop\\Laravel\\Vendor\\laravel\\framework\\src\\Illuminate\\Log\\LogManager.php(498): Illuminate\\Log\\LogManager->driver()
#3 D:\\Desktop\\Laravel\\Vendor\\laravel\\framework\\src\\Illuminate\\Foundation\\Exceptions\\Handler.php(114): Illuminate\\Log\\LogManager->error('Directory name ...', Array)
#4 D:\\Desktop\\Laravel\\App\\Handler.php(20): Illuminate\\Foundation\\Exceptions\\Handler->report(Object(RuntimeException))
#5 D:\\Desktop\\Laravel\\Vendor\\laravel\\framework\\src\\Illuminate\\Foundation\\Http\\Kernel.php(314): App\\Handler->report(Object(RuntimeException))
#6 D:\\Desktop\\Laravel\\Vendor\\laravel\\framework\\src\\Illuminate\\Foundation\\Http\\Kernel.php(118): Illuminate\\Foundation\\Http\\Kernel->reportException(Object(RuntimeException))
#7 D:\\Desktop\\Laravel\\Public\\index.php(9): Illuminate\\Foundation\\Http\\Kernel->handle(Object(Illuminate\\Http\\Request))
#8 D:\\Desktop\\Laravel\\Server.php(11): require_once('D:\\\\Desktop\\\\Lara...')
#9 {main}
"} 
[2019-02-02 20:05:15] laravel.ERROR: Directory name must not be empty. {"exception":"[object] (RuntimeException(code: 0): Directory name must not be empty. at D:\\Desktop\\Laravel\\Vendor\\symfony\\finder\\Iterator\\RecursiveDirectoryIterator.php:48)
[stacktrace]
#0 D:\\Desktop\\Laravel\\Vendor\\symfony\\finder\\Iterator\\RecursiveDirectoryIterator.php(48): RecursiveDirectoryIterator->__construct('', 4096)
#1 D:\\Desktop\\Laravel\\Vendor\\symfony\\finder\\Finder.php(713): Symfony\\Component\\Finder\\Iterator\\RecursiveDirectoryIterator->__construct('', 4096, false)
#2 D:\\Desktop\\Laravel\\Vendor\\symfony\\finder\\Finder.php(606): Symfony\\Component\\Finder\\Finder->searchInDirectory('')
#3 D:\\Desktop\\Laravel\\Vendor\\laravel\\framework\\src\\Illuminate\\Foundation\\Bootstrap\\LoadConfiguration.php(88): Symfony\\Component\\Finder\\Finder->getIterator()
#4 D:\\Desktop\\Laravel\\Vendor\\laravel\\framework\\src\\Illuminate\\Foundation\\Bootstrap\\LoadConfiguration.php(65): Illuminate\\Foundation\\Bootstrap\\LoadConfiguration->getConfigurationFiles(Object(App))
#5 D:\\Desktop\\Laravel\\Vendor\\laravel\\framework\\src\\Illuminate\\Foundation\\Bootstrap\\LoadConfiguration.php(39): Illuminate\\Foundation\\Bootstrap\\LoadConfiguration->loadConfigurationFiles(Object(App), Object(Illuminate\\Config\\Repository))
#6 D:\\Desktop\\Laravel\\Vendor\\laravel\\framework\\src\\Illuminate\\Foundation\\Application.php(211): Illuminate\\Foundation\\Bootstrap\\LoadConfiguration->bootstrap(Object(App))
#7 D:\\Desktop\\Laravel\\Vendor\\laravel\\framework\\src\\Illuminate\\Foundation\\Http\\Kernel.php(162): Illuminate\\Foundation\\Application->bootstrapWith(Array)
#8 D:\\Desktop\\Laravel\\Vendor\\laravel\\framework\\src\\Illuminate\\Foundation\\Http\\Kernel.php(146): Illuminate\\Foundation\\Http\\Kernel->bootstrap()
#9 D:\\Desktop\\Laravel\\Vendor\\laravel\\framework\\src\\Illuminate\\Foundation\\Http\\Kernel.php(116): Illuminate\\Foundation\\Http\\Kernel->sendRequestThroughRouter(Object(Illuminate\\Http\\Request))
#10 D:\\Desktop\\Laravel\\Public\\index.php(9): Illuminate\\Foundation\\Http\\Kernel->handle(Object(Illuminate\\Http\\Request))
#11 D:\\Desktop\\Laravel\\Server.php(11): require_once('D:\\\\Desktop\\\\Lara...')
#12 {main}
"} 
[2019-02-02 20:05:40] laravel.EMERGENCY: Unable to create configured logger. Using emergency logger. {"exception":"[object] (InvalidArgumentException(code: 0): Log [] is not defined. at D:\\Desktop\\Laravel\\Vendor\\laravel\\framework\\src\\Illuminate\\Log\\LogManager.php:168)
[stacktrace]
#0 D:\\Desktop\\Laravel\\Vendor\\laravel\\framework\\src\\Illuminate\\Log\\LogManager.php(102): Illuminate\\Log\\LogManager->resolve(NULL)
#1 D:\\Desktop\\Laravel\\Vendor\\laravel\\framework\\src\\Illuminate\\Log\\LogManager.php(90): Illuminate\\Log\\LogManager->get(NULL)
#2 D:\\Desktop\\Laravel\\Vendor\\laravel\\framework\\src\\Illuminate\\Log\\LogManager.php(498): Illuminate\\Log\\LogManager->driver()
#3 D:\\Desktop\\Laravel\\Vendor\\laravel\\framework\\src\\Illuminate\\Foundation\\Exceptions\\Handler.php(114): Illuminate\\Log\\LogManager->error('Directory name ...', Array)
#4 D:\\Desktop\\Laravel\\App\\Handler.php(20): Illuminate\\Foundation\\Exceptions\\Handler->report(Object(RuntimeException))
#5 D:\\Desktop\\Laravel\\Vendor\\laravel\\framework\\src\\Illuminate\\Foundation\\Http\\Kernel.php(314): App\\Handler->report(Object(RuntimeException))
#6 D:\\Desktop\\Laravel\\Vendor\\laravel\\framework\\src\\Illuminate\\Foundation\\Http\\Kernel.php(118): Illuminate\\Foundation\\Http\\Kernel->reportException(Object(RuntimeException))
#7 D:\\Desktop\\Laravel\\Public\\index.php(9): Illuminate\\Foundation\\Http\\Kernel->handle(Object(Illuminate\\Http\\Request))
#8 D:\\Desktop\\Laravel\\Server.php(11): require_once('D:\\\\Desktop\\\\Lara...')
#9 {main}
"} 
[2019-02-02 20:05:40] laravel.ERROR: Directory name must not be empty. {"exception":"[object] (RuntimeException(code: 0): Directory name must not be empty. at D:\\Desktop\\Laravel\\Vendor\\symfony\\finder\\Iterator\\RecursiveDirectoryIterator.php:48)
[stacktrace]
#0 D:\\Desktop\\Laravel\\Vendor\\symfony\\finder\\Iterator\\RecursiveDirectoryIterator.php(48): RecursiveDirectoryIterator->__construct('', 4096)
#1 D:\\Desktop\\Laravel\\Vendor\\symfony\\finder\\Finder.php(713): Symfony\\Component\\Finder\\Iterator\\RecursiveDirectoryIterator->__construct('', 4096, false)
#2 D:\\Desktop\\Laravel\\Vendor\\symfony\\finder\\Finder.php(606): Symfony\\Component\\Finder\\Finder->searchInDirectory('')
#3 D:\\Desktop\\Laravel\\Vendor\\laravel\\framework\\src\\Illuminate\\Foundation\\Bootstrap\\LoadConfiguration.php(88): Symfony\\Component\\Finder\\Finder->getIterator()
#4 D:\\Desktop\\Laravel\\Vendor\\laravel\\framework\\src\\Illuminate\\Foundation\\Bootstrap\\LoadConfiguration.php(65): Illuminate\\Foundation\\Bootstrap\\LoadConfiguration->getConfigurationFiles(Object(App))
#5 D:\\Desktop\\Laravel\\Vendor\\laravel\\framework\\src\\Illuminate\\Foundation\\Bootstrap\\LoadConfiguration.php(39): Illuminate\\Foundation\\Bootstrap\\LoadConfiguration->loadConfigurationFiles(Object(App), Object(Illuminate\\Config\\Repository))
#6 D:\\Desktop\\Laravel\\Vendor\\laravel\\framework\\src\\Illuminate\\Foundation\\Application.php(211): Illuminate\\Foundation\\Bootstrap\\LoadConfiguration->bootstrap(Object(App))
#7 D:\\Desktop\\Laravel\\Vendor\\laravel\\framework\\src\\Illuminate\\Foundation\\Http\\Kernel.php(162): Illuminate\\Foundation\\Application->bootstrapWith(Array)
#8 D:\\Desktop\\Laravel\\Vendor\\laravel\\framework\\src\\Illuminate\\Foundation\\Http\\Kernel.php(146): Illuminate\\Foundation\\Http\\Kernel->bootstrap()
#9 D:\\Desktop\\Laravel\\Vendor\\laravel\\framework\\src\\Illuminate\\Foundation\\Http\\Kernel.php(116): Illuminate\\Foundation\\Http\\Kernel->sendRequestThroughRouter(Object(Illuminate\\Http\\Request))
#10 D:\\Desktop\\Laravel\\Public\\index.php(9): Illuminate\\Foundation\\Http\\Kernel->handle(Object(Illuminate\\Http\\Request))
#11 D:\\Desktop\\Laravel\\Server.php(11): require_once('D:\\\\Desktop\\\\Lara...')
#12 {main}
"} 
[2019-02-02 20:09:25] laravel.EMERGENCY: Unable to create configured logger. Using emergency logger. {"exception":"[object] (InvalidArgumentException(code: 0): Log [] is not defined. at D:\\Desktop\\Laravel\\Vendor\\laravel\\framework\\src\\Illuminate\\Log\\LogManager.php:168)
[stacktrace]
#0 D:\\Desktop\\Laravel\\Vendor\\laravel\\framework\\src\\Illuminate\\Log\\LogManager.php(102): Illuminate\\Log\\LogManager->resolve(NULL)
#1 D:\\Desktop\\Laravel\\Vendor\\laravel\\framework\\src\\Illuminate\\Log\\LogManager.php(90): Illuminate\\Log\\LogManager->get(NULL)
#2 D:\\Desktop\\Laravel\\Vendor\\laravel\\framework\\src\\Illuminate\\Log\\LogManager.php(498): Illuminate\\Log\\LogManager->driver()
#3 D:\\Desktop\\Laravel\\Vendor\\laravel\\framework\\src\\Illuminate\\Foundation\\Exceptions\\Handler.php(114): Illuminate\\Log\\LogManager->error('Directory name ...', Array)
#4 D:\\Desktop\\Laravel\\App\\Handler.php(20): Illuminate\\Foundation\\Exceptions\\Handler->report(Object(RuntimeException))
#5 D:\\Desktop\\Laravel\\Vendor\\laravel\\framework\\src\\Illuminate\\Foundation\\Http\\Kernel.php(314): App\\Handler->report(Object(RuntimeException))
#6 D:\\Desktop\\Laravel\\Vendor\\laravel\\framework\\src\\Illuminate\\Foundation\\Http\\Kernel.php(118): Illuminate\\Foundation\\Http\\Kernel->reportException(Object(RuntimeException))
#7 D:\\Desktop\\Laravel\\Public\\index.php(9): Illuminate\\Foundation\\Http\\Kernel->handle(Object(Illuminate\\Http\\Request))
#8 D:\\Desktop\\Laravel\\Server.php(11): require_once('D:\\\\Desktop\\\\Lara...')
#9 {main}
"} 
[2019-02-02 20:09:25] laravel.ERROR: Directory name must not be empty. {"exception":"[object] (RuntimeException(code: 0): Directory name must not be empty. at D:\\Desktop\\Laravel\\Vendor\\symfony\\finder\\Iterator\\RecursiveDirectoryIterator.php:48)
[stacktrace]
#0 D:\\Desktop\\Laravel\\Vendor\\symfony\\finder\\Iterator\\RecursiveDirectoryIterator.php(48): RecursiveDirectoryIterator->__construct('', 4096)
#1 D:\\Desktop\\Laravel\\Vendor\\symfony\\finder\\Finder.php(713): Symfony\\Component\\Finder\\Iterator\\RecursiveDirectoryIterator->__construct('', 4096, false)
#2 D:\\Desktop\\Laravel\\Vendor\\symfony\\finder\\Finder.php(606): Symfony\\Component\\Finder\\Finder->searchInDirectory('')
#3 D:\\Desktop\\Laravel\\Vendor\\laravel\\framework\\src\\Illuminate\\Foundation\\Bootstrap\\LoadConfiguration.php(88): Symfony\\Component\\Finder\\Finder->getIterator()
#4 D:\\Desktop\\Laravel\\Vendor\\laravel\\framework\\src\\Illuminate\\Foundation\\Bootstrap\\LoadConfiguration.php(65): Illuminate\\Foundation\\Bootstrap\\LoadConfiguration->getConfigurationFiles(Object(App))
#5 D:\\Desktop\\Laravel\\Vendor\\laravel\\framework\\src\\Illuminate\\Foundation\\Bootstrap\\LoadConfiguration.php(39): Illuminate\\Foundation\\Bootstrap\\LoadConfiguration->loadConfigurationFiles(Object(App), Object(Illuminate\\Config\\Repository))
#6 D:\\Desktop\\Laravel\\Vendor\\laravel\\framework\\src\\Illuminate\\Foundation\\Application.php(211): Illuminate\\Foundation\\Bootstrap\\LoadConfiguration->bootstrap(Object(App))
#7 D:\\Desktop\\Laravel\\Vendor\\laravel\\framework\\src\\Illuminate\\Foundation\\Http\\Kernel.php(162): Illuminate\\Foundation\\Application->bootstrapWith(Array)
#8 D:\\Desktop\\Laravel\\Vendor\\laravel\\framework\\src\\Illuminate\\Foundation\\Http\\Kernel.php(146): Illuminate\\Foundation\\Http\\Kernel->bootstrap()
#9 D:\\Desktop\\Laravel\\Vendor\\laravel\\framework\\src\\Illuminate\\Foundation\\Http\\Kernel.php(116): Illuminate\\Foundation\\Http\\Kernel->sendRequestThroughRouter(Object(Illuminate\\Http\\Request))
#10 D:\\Desktop\\Laravel\\Public\\index.php(9): Illuminate\\Foundation\\Http\\Kernel->handle(Object(Illuminate\\Http\\Request))
#11 D:\\Desktop\\Laravel\\Server.php(11): require_once('D:\\\\Desktop\\\\Lara...')
#12 {main}
"} 
[2019-02-02 20:09:37] laravel.EMERGENCY: Unable to create configured logger. Using emergency logger. {"exception":"[object] (InvalidArgumentException(code: 0): Log [] is not defined. at D:\\Desktop\\Laravel\\Vendor\\laravel\\framework\\src\\Illuminate\\Log\\LogManager.php:168)
[stacktrace]
#0 D:\\Desktop\\Laravel\\Vendor\\laravel\\framework\\src\\Illuminate\\Log\\LogManager.php(102): Illuminate\\Log\\LogManager->resolve(NULL)
#1 D:\\Desktop\\Laravel\\Vendor\\laravel\\framework\\src\\Illuminate\\Log\\LogManager.php(90): Illuminate\\Log\\LogManager->get(NULL)
#2 D:\\Desktop\\Laravel\\Vendor\\laravel\\framework\\src\\Illuminate\\Log\\LogManager.php(498): Illuminate\\Log\\LogManager->driver()
#3 D:\\Desktop\\Laravel\\Vendor\\laravel\\framework\\src\\Illuminate\\Foundation\\Exceptions\\Handler.php(114): Illuminate\\Log\\LogManager->error('Directory name ...', Array)
#4 D:\\Desktop\\Laravel\\App\\Handler.php(20): Illuminate\\Foundation\\Exceptions\\Handler->report(Object(RuntimeException))
#5 D:\\Desktop\\Laravel\\Vendor\\laravel\\framework\\src\\Illuminate\\Foundation\\Http\\Kernel.php(314): App\\Handler->report(Object(RuntimeException))
#6 D:\\Desktop\\Laravel\\Vendor\\laravel\\framework\\src\\Illuminate\\Foundation\\Http\\Kernel.php(118): Illuminate\\Foundation\\Http\\Kernel->reportException(Object(RuntimeException))
#7 D:\\Desktop\\Laravel\\Public\\index.php(9): Illuminate\\Foundation\\Http\\Kernel->handle(Object(Illuminate\\Http\\Request))
#8 D:\\Desktop\\Laravel\\Server.php(11): require_once('D:\\\\Desktop\\\\Lara...')
#9 {main}
"} 
[2019-02-02 20:09:37] laravel.ERROR: Directory name must not be empty. {"exception":"[object] (RuntimeException(code: 0): Directory name must not be empty. at D:\\Desktop\\Laravel\\Vendor\\symfony\\finder\\Iterator\\RecursiveDirectoryIterator.php:48)
[stacktrace]
#0 D:\\Desktop\\Laravel\\Vendor\\symfony\\finder\\Iterator\\RecursiveDirectoryIterator.php(48): RecursiveDirectoryIterator->__construct('', 4096)
#1 D:\\Desktop\\Laravel\\Vendor\\symfony\\finder\\Finder.php(713): Symfony\\Component\\Finder\\Iterator\\RecursiveDirectoryIterator->__construct('', 4096, false)
#2 D:\\Desktop\\Laravel\\Vendor\\symfony\\finder\\Finder.php(606): Symfony\\Component\\Finder\\Finder->searchInDirectory('')
#3 D:\\Desktop\\Laravel\\Vendor\\laravel\\framework\\src\\Illuminate\\Foundation\\Bootstrap\\LoadConfiguration.php(88): Symfony\\Component\\Finder\\Finder->getIterator()
#4 D:\\Desktop\\Laravel\\Vendor\\laravel\\framework\\src\\Illuminate\\Foundation\\Bootstrap\\LoadConfiguration.php(65): Illuminate\\Foundation\\Bootstrap\\LoadConfiguration->getConfigurationFiles(Object(App))
#5 D:\\Desktop\\Laravel\\Vendor\\laravel\\framework\\src\\Illuminate\\Foundation\\Bootstrap\\LoadConfiguration.php(39): Illuminate\\Foundation\\Bootstrap\\LoadConfiguration->loadConfigurationFiles(Object(App), Object(Illuminate\\Config\\Repository))
#6 D:\\Desktop\\Laravel\\Vendor\\laravel\\framework\\src\\Illuminate\\Foundation\\Application.php(211): Illuminate\\Foundation\\Bootstrap\\LoadConfiguration->bootstrap(Object(App))
#7 D:\\Desktop\\Laravel\\Vendor\\laravel\\framework\\src\\Illuminate\\Foundation\\Http\\Kernel.php(162): Illuminate\\Foundation\\Application->bootstrapWith(Array)
#8 D:\\Desktop\\Laravel\\Vendor\\laravel\\framework\\src\\Illuminate\\Foundation\\Http\\Kernel.php(146): Illuminate\\Foundation\\Http\\Kernel->bootstrap()
#9 D:\\Desktop\\Laravel\\Vendor\\laravel\\framework\\src\\Illuminate\\Foundation\\Http\\Kernel.php(116): Illuminate\\Foundation\\Http\\Kernel->sendRequestThroughRouter(Object(Illuminate\\Http\\Request))
#10 D:\\Desktop\\Laravel\\Public\\index.php(9): Illuminate\\Foundation\\Http\\Kernel->handle(Object(Illuminate\\Http\\Request))
#11 D:\\Desktop\\Laravel\\Server.php(11): require_once('D:\\\\Desktop\\\\Lara...')
#12 {main}
"} 
[2019-02-02 20:10:31] laravel.EMERGENCY: Unable to create configured logger. Using emergency logger. {"exception":"[object] (InvalidArgumentException(code: 0): Log [] is not defined. at D:\\Desktop\\Laravel\\Vendor\\laravel\\framework\\src\\Illuminate\\Log\\LogManager.php:168)
[stacktrace]
#0 D:\\Desktop\\Laravel\\Vendor\\laravel\\framework\\src\\Illuminate\\Log\\LogManager.php(102): Illuminate\\Log\\LogManager->resolve(NULL)
#1 D:\\Desktop\\Laravel\\Vendor\\laravel\\framework\\src\\Illuminate\\Log\\LogManager.php(90): Illuminate\\Log\\LogManager->get(NULL)
#2 D:\\Desktop\\Laravel\\Vendor\\laravel\\framework\\src\\Illuminate\\Log\\LogManager.php(498): Illuminate\\Log\\LogManager->driver()
#3 D:\\Desktop\\Laravel\\Vendor\\laravel\\framework\\src\\Illuminate\\Foundation\\Exceptions\\Handler.php(114): Illuminate\\Log\\LogManager->error('Directory name ...', Array)
#4 D:\\Desktop\\Laravel\\App\\Handler.php(20): Illuminate\\Foundation\\Exceptions\\Handler->report(Object(RuntimeException))
#5 D:\\Desktop\\Laravel\\Vendor\\laravel\\framework\\src\\Illuminate\\Foundation\\Http\\Kernel.php(314): App\\Handler->report(Object(RuntimeException))
#6 D:\\Desktop\\Laravel\\Vendor\\laravel\\framework\\src\\Illuminate\\Foundation\\Http\\Kernel.php(118): Illuminate\\Foundation\\Http\\Kernel->reportException(Object(RuntimeException))
#7 D:\\Desktop\\Laravel\\Public\\index.php(9): Illuminate\\Foundation\\Http\\Kernel->handle(Object(Illuminate\\Http\\Request))
#8 D:\\Desktop\\Laravel\\Server.php(11): require_once('D:\\\\Desktop\\\\Lara...')
#9 {main}
"} 
[2019-02-02 20:10:31] laravel.ERROR: Directory name must not be empty. {"exception":"[object] (RuntimeException(code: 0): Directory name must not be empty. at D:\\Desktop\\Laravel\\Vendor\\symfony\\finder\\Iterator\\RecursiveDirectoryIterator.php:48)
[stacktrace]
#0 D:\\Desktop\\Laravel\\Vendor\\symfony\\finder\\Iterator\\RecursiveDirectoryIterator.php(48): RecursiveDirectoryIterator->__construct('', 4096)
#1 D:\\Desktop\\Laravel\\Vendor\\symfony\\finder\\Finder.php(713): Symfony\\Component\\Finder\\Iterator\\RecursiveDirectoryIterator->__construct('', 4096, false)
#2 D:\\Desktop\\Laravel\\Vendor\\symfony\\finder\\Finder.php(606): Symfony\\Component\\Finder\\Finder->searchInDirectory('')
#3 D:\\Desktop\\Laravel\\Vendor\\laravel\\framework\\src\\Illuminate\\Foundation\\Bootstrap\\LoadConfiguration.php(88): Symfony\\Component\\Finder\\Finder->getIterator()
#4 D:\\Desktop\\Laravel\\Vendor\\laravel\\framework\\src\\Illuminate\\Foundation\\Bootstrap\\LoadConfiguration.php(65): Illuminate\\Foundation\\Bootstrap\\LoadConfiguration->getConfigurationFiles(Object(App))
#5 D:\\Desktop\\Laravel\\Vendor\\laravel\\framework\\src\\Illuminate\\Foundation\\Bootstrap\\LoadConfiguration.php(39): Illuminate\\Foundation\\Bootstrap\\LoadConfiguration->loadConfigurationFiles(Object(App), Object(Illuminate\\Config\\Repository))
#6 D:\\Desktop\\Laravel\\Vendor\\laravel\\framework\\src\\Illuminate\\Foundation\\Application.php(211): Illuminate\\Foundation\\Bootstrap\\LoadConfiguration->bootstrap(Object(App))
#7 D:\\Desktop\\Laravel\\Vendor\\laravel\\framework\\src\\Illuminate\\Foundation\\Http\\Kernel.php(162): Illuminate\\Foundation\\Application->bootstrapWith(Array)
#8 D:\\Desktop\\Laravel\\Vendor\\laravel\\framework\\src\\Illuminate\\Foundation\\Http\\Kernel.php(146): Illuminate\\Foundation\\Http\\Kernel->bootstrap()
#9 D:\\Desktop\\Laravel\\Vendor\\laravel\\framework\\src\\Illuminate\\Foundation\\Http\\Kernel.php(116): Illuminate\\Foundation\\Http\\Kernel->sendRequestThroughRouter(Object(Illuminate\\Http\\Request))
#10 D:\\Desktop\\Laravel\\Public\\index.php(9): Illuminate\\Foundation\\Http\\Kernel->handle(Object(Illuminate\\Http\\Request))
#11 D:\\Desktop\\Laravel\\Server.php(11): require_once('D:\\\\Desktop\\\\Lara...')
#12 {main}
"} 
