[2019-02-01 23:24:18] local.ERROR: The D:\Desktop\Laravel/Cache directory must be present and writable. {"exception":"[object] (Exception(code: 0): The D:\\Desktop\\Laravel/Cache directory must be present and writable. at D:\\Desktop\\Laravel\\Vendor\\laravel\\framework\\src\\Illuminate\\Foundation\\PackageManifest.php:168)
[stacktrace]
#0 D:\\Desktop\\Laravel\\Vendor\\laravel\\framework\\src\\Illuminate\\Foundation\\PackageManifest.php(127): Illuminate\\Foundation\\PackageManifest->write(Array)
#1 D:\\Desktop\\Laravel\\Vendor\\laravel\\framework\\src\\Illuminate\\Foundation\\PackageManifest.php(97): Illuminate\\Foundation\\PackageManifest->build()
#2 D:\\Desktop\\Laravel\\Vendor\\laravel\\framework\\src\\Illuminate\\Foundation\\PackageManifest.php(80): Illuminate\\Foundation\\PackageManifest->getManifest()
#3 D:\\Desktop\\Laravel\\Vendor\\laravel\\framework\\src\\Illuminate\\Foundation\\Bootstrap\\RegisterFacades.php(26): Illuminate\\Foundation\\PackageManifest->aliases()
#4 D:\\Desktop\\Laravel\\Vendor\\laravel\\framework\\src\\Illuminate\\Foundation\\Application.php(211): Illuminate\\Foundation\\Bootstrap\\RegisterFacades->bootstrap(Object(Application))
#5 D:\\Desktop\\Laravel\\Vendor\\laravel\\framework\\src\\Illuminate\\Foundation\\Http\\Kernel.php(162): Illuminate\\Foundation\\Application->bootstrapWith(Array)
#6 D:\\Desktop\\Laravel\\Vendor\\laravel\\framework\\src\\Illuminate\\Foundation\\Http\\Kernel.php(146): Illuminate\\Foundation\\Http\\Kernel->bootstrap()
#7 D:\\Desktop\\Laravel\\Vendor\\laravel\\framework\\src\\Illuminate\\Foundation\\Http\\Kernel.php(116): Illuminate\\Foundation\\Http\\Kernel->sendRequestThroughRouter(Object(Illuminate\\Http\\Request))
#8 D:\\Desktop\\Laravel\\Public\\index.php(55): Illuminate\\Foundation\\Http\\Kernel->handle(Object(Illuminate\\Http\\Request))
#9 D:\\Desktop\\Laravel\\server.php(11): require_once('D:\\\\Desktop\\\\Lara...')
#10 {main}
"} 
[2019-02-01 23:28:14] local.ERROR: The D:\Desktop\Laravel/Cache directory must be present and writable. {"exception":"[object] (Exception(code: 0): The D:\\Desktop\\Laravel/Cache directory must be present and writable. at D:\\Desktop\\Laravel\\Vendor\\laravel\\framework\\src\\Illuminate\\Foundation\\PackageManifest.php:168)
[stacktrace]
#0 D:\\Desktop\\Laravel\\Vendor\\laravel\\framework\\src\\Illuminate\\Foundation\\PackageManifest.php(127): Illuminate\\Foundation\\PackageManifest->write(Array)
#1 D:\\Desktop\\Laravel\\Vendor\\laravel\\framework\\src\\Illuminate\\Foundation\\PackageManifest.php(97): Illuminate\\Foundation\\PackageManifest->build()
#2 D:\\Desktop\\Laravel\\Vendor\\laravel\\framework\\src\\Illuminate\\Foundation\\PackageManifest.php(80): Illuminate\\Foundation\\PackageManifest->getManifest()
#3 D:\\Desktop\\Laravel\\Vendor\\laravel\\framework\\src\\Illuminate\\Foundation\\Bootstrap\\RegisterFacades.php(26): Illuminate\\Foundation\\PackageManifest->aliases()
#4 D:\\Desktop\\Laravel\\Vendor\\laravel\\framework\\src\\Illuminate\\Foundation\\Application.php(211): Illuminate\\Foundation\\Bootstrap\\RegisterFacades->bootstrap(Object(Application))
#5 D:\\Desktop\\Laravel\\Vendor\\laravel\\framework\\src\\Illuminate\\Foundation\\Http\\Kernel.php(162): Illuminate\\Foundation\\Application->bootstrapWith(Array)
#6 D:\\Desktop\\Laravel\\Vendor\\laravel\\framework\\src\\Illuminate\\Foundation\\Http\\Kernel.php(146): Illuminate\\Foundation\\Http\\Kernel->bootstrap()
#7 D:\\Desktop\\Laravel\\Vendor\\laravel\\framework\\src\\Illuminate\\Foundation\\Http\\Kernel.php(116): Illuminate\\Foundation\\Http\\Kernel->sendRequestThroughRouter(Object(Illuminate\\Http\\Request))
#8 D:\\Desktop\\Laravel\\Public\\index.php(55): Illuminate\\Foundation\\Http\\Kernel->handle(Object(Illuminate\\Http\\Request))
#9 D:\\Desktop\\Laravel\\server.php(11): require_once('D:\\\\Desktop\\\\Lara...')
#10 {main}
"} 
[2019-02-01 23:31:27] local.ERROR: The D:\Desktop\Laravel/Cache directory must be present and writable. {"exception":"[object] (Exception(code: 0): The D:\\Desktop\\Laravel/Cache directory must be present and writable. at D:\\Desktop\\Laravel\\Vendor\\laravel\\framework\\src\\Illuminate\\Foundation\\PackageManifest.php:168)
[stacktrace]
#0 D:\\Desktop\\Laravel\\Vendor\\laravel\\framework\\src\\Illuminate\\Foundation\\PackageManifest.php(127): Illuminate\\Foundation\\PackageManifest->write(Array)
#1 D:\\Desktop\\Laravel\\Vendor\\laravel\\framework\\src\\Illuminate\\Foundation\\PackageManifest.php(97): Illuminate\\Foundation\\PackageManifest->build()
#2 D:\\Desktop\\Laravel\\Vendor\\laravel\\framework\\src\\Illuminate\\Foundation\\PackageManifest.php(80): Illuminate\\Foundation\\PackageManifest->getManifest()
#3 D:\\Desktop\\Laravel\\Vendor\\laravel\\framework\\src\\Illuminate\\Foundation\\Bootstrap\\RegisterFacades.php(26): Illuminate\\Foundation\\PackageManifest->aliases()
#4 D:\\Desktop\\Laravel\\Vendor\\laravel\\framework\\src\\Illuminate\\Foundation\\Application.php(211): Illuminate\\Foundation\\Bootstrap\\RegisterFacades->bootstrap(Object(Application))
#5 D:\\Desktop\\Laravel\\Vendor\\laravel\\framework\\src\\Illuminate\\Foundation\\Http\\Kernel.php(162): Illuminate\\Foundation\\Application->bootstrapWith(Array)
#6 D:\\Desktop\\Laravel\\Vendor\\laravel\\framework\\src\\Illuminate\\Foundation\\Http\\Kernel.php(146): Illuminate\\Foundation\\Http\\Kernel->bootstrap()
#7 D:\\Desktop\\Laravel\\Vendor\\laravel\\framework\\src\\Illuminate\\Foundation\\Http\\Kernel.php(116): Illuminate\\Foundation\\Http\\Kernel->sendRequestThroughRouter(Object(Illuminate\\Http\\Request))
#8 D:\\Desktop\\Laravel\\Public\\index.php(55): Illuminate\\Foundation\\Http\\Kernel->handle(Object(Illuminate\\Http\\Request))
#9 D:\\Desktop\\Laravel\\server.php(11): require_once('D:\\\\Desktop\\\\Lara...')
#10 {main}
"} 
[2019-02-01 23:31:42] local.ERROR: The D:\Desktop\Laravel/Cache directory must be present and writable. {"exception":"[object] (Exception(code: 0): The D:\\Desktop\\Laravel/Cache directory must be present and writable. at D:\\Desktop\\Laravel\\Vendor\\laravel\\framework\\src\\Illuminate\\Foundation\\PackageManifest.php:168)
[stacktrace]
#0 D:\\Desktop\\Laravel\\Vendor\\laravel\\framework\\src\\Illuminate\\Foundation\\PackageManifest.php(127): Illuminate\\Foundation\\PackageManifest->write(Array)
#1 D:\\Desktop\\Laravel\\Vendor\\laravel\\framework\\src\\Illuminate\\Foundation\\PackageManifest.php(97): Illuminate\\Foundation\\PackageManifest->build()
#2 D:\\Desktop\\Laravel\\Vendor\\laravel\\framework\\src\\Illuminate\\Foundation\\PackageManifest.php(80): Illuminate\\Foundation\\PackageManifest->getManifest()
#3 D:\\Desktop\\Laravel\\Vendor\\laravel\\framework\\src\\Illuminate\\Foundation\\Bootstrap\\RegisterFacades.php(26): Illuminate\\Foundation\\PackageManifest->aliases()
#4 D:\\Desktop\\Laravel\\Vendor\\laravel\\framework\\src\\Illuminate\\Foundation\\Application.php(211): Illuminate\\Foundation\\Bootstrap\\RegisterFacades->bootstrap(Object(Application))
#5 D:\\Desktop\\Laravel\\Vendor\\laravel\\framework\\src\\Illuminate\\Foundation\\Http\\Kernel.php(162): Illuminate\\Foundation\\Application->bootstrapWith(Array)
#6 D:\\Desktop\\Laravel\\Vendor\\laravel\\framework\\src\\Illuminate\\Foundation\\Http\\Kernel.php(146): Illuminate\\Foundation\\Http\\Kernel->bootstrap()
#7 D:\\Desktop\\Laravel\\Vendor\\laravel\\framework\\src\\Illuminate\\Foundation\\Http\\Kernel.php(116): Illuminate\\Foundation\\Http\\Kernel->sendRequestThroughRouter(Object(Illuminate\\Http\\Request))
#8 D:\\Desktop\\Laravel\\Public\\index.php(55): Illuminate\\Foundation\\Http\\Kernel->handle(Object(Illuminate\\Http\\Request))
#9 D:\\Desktop\\Laravel\\server.php(11): require_once('D:\\\\Desktop\\\\Lara...')
#10 {main}
"} 
[2019-02-01 23:32:16] local.ERROR: The D:\Desktop\Laravel/Cache directory must be present and writable. {"exception":"[object] (Exception(code: 0): The D:\\Desktop\\Laravel/Cache directory must be present and writable. at D:\\Desktop\\Laravel\\Vendor\\laravel\\framework\\src\\Illuminate\\Foundation\\PackageManifest.php:168)
[stacktrace]
#0 D:\\Desktop\\Laravel\\Vendor\\laravel\\framework\\src\\Illuminate\\Foundation\\PackageManifest.php(127): Illuminate\\Foundation\\PackageManifest->write(Array)
#1 D:\\Desktop\\Laravel\\Vendor\\laravel\\framework\\src\\Illuminate\\Foundation\\PackageManifest.php(97): Illuminate\\Foundation\\PackageManifest->build()
#2 D:\\Desktop\\Laravel\\Vendor\\laravel\\framework\\src\\Illuminate\\Foundation\\PackageManifest.php(80): Illuminate\\Foundation\\PackageManifest->getManifest()
#3 D:\\Desktop\\Laravel\\Vendor\\laravel\\framework\\src\\Illuminate\\Foundation\\Bootstrap\\RegisterFacades.php(26): Illuminate\\Foundation\\PackageManifest->aliases()
#4 D:\\Desktop\\Laravel\\Vendor\\laravel\\framework\\src\\Illuminate\\Foundation\\Application.php(211): Illuminate\\Foundation\\Bootstrap\\RegisterFacades->bootstrap(Object(Application))
#5 D:\\Desktop\\Laravel\\Vendor\\laravel\\framework\\src\\Illuminate\\Foundation\\Http\\Kernel.php(162): Illuminate\\Foundation\\Application->bootstrapWith(Array)
#6 D:\\Desktop\\Laravel\\Vendor\\laravel\\framework\\src\\Illuminate\\Foundation\\Http\\Kernel.php(146): Illuminate\\Foundation\\Http\\Kernel->bootstrap()
#7 D:\\Desktop\\Laravel\\Vendor\\laravel\\framework\\src\\Illuminate\\Foundation\\Http\\Kernel.php(116): Illuminate\\Foundation\\Http\\Kernel->sendRequestThroughRouter(Object(Illuminate\\Http\\Request))
#8 D:\\Desktop\\Laravel\\Public\\index.php(55): Illuminate\\Foundation\\Http\\Kernel->handle(Object(Illuminate\\Http\\Request))
#9 D:\\Desktop\\Laravel\\server.php(11): require_once('D:\\\\Desktop\\\\Lara...')
#10 {main}
"} 
[2019-02-01 23:38:06] local.ERROR: The D:\Desktop\Laravel/Cache directory must be present and writable. {"exception":"[object] (Exception(code: 0): The D:\\Desktop\\Laravel/Cache directory must be present and writable. at D:\\Desktop\\Laravel\\Vendor\\laravel\\framework\\src\\Illuminate\\Foundation\\PackageManifest.php:168)
[stacktrace]
#0 D:\\Desktop\\Laravel\\Vendor\\laravel\\framework\\src\\Illuminate\\Foundation\\PackageManifest.php(127): Illuminate\\Foundation\\PackageManifest->write(Array)
#1 D:\\Desktop\\Laravel\\Vendor\\laravel\\framework\\src\\Illuminate\\Foundation\\PackageManifest.php(97): Illuminate\\Foundation\\PackageManifest->build()
#2 D:\\Desktop\\Laravel\\Vendor\\laravel\\framework\\src\\Illuminate\\Foundation\\PackageManifest.php(80): Illuminate\\Foundation\\PackageManifest->getManifest()
#3 D:\\Desktop\\Laravel\\Vendor\\laravel\\framework\\src\\Illuminate\\Foundation\\Bootstrap\\RegisterFacades.php(26): Illuminate\\Foundation\\PackageManifest->aliases()
#4 D:\\Desktop\\Laravel\\Vendor\\laravel\\framework\\src\\Illuminate\\Foundation\\Application.php(211): Illuminate\\Foundation\\Bootstrap\\RegisterFacades->bootstrap(Object(Application))
#5 D:\\Desktop\\Laravel\\Vendor\\laravel\\framework\\src\\Illuminate\\Foundation\\Http\\Kernel.php(162): Illuminate\\Foundation\\Application->bootstrapWith(Array)
#6 D:\\Desktop\\Laravel\\Vendor\\laravel\\framework\\src\\Illuminate\\Foundation\\Http\\Kernel.php(146): Illuminate\\Foundation\\Http\\Kernel->bootstrap()
#7 D:\\Desktop\\Laravel\\Vendor\\laravel\\framework\\src\\Illuminate\\Foundation\\Http\\Kernel.php(116): Illuminate\\Foundation\\Http\\Kernel->sendRequestThroughRouter(Object(Illuminate\\Http\\Request))
#8 D:\\Desktop\\Laravel\\Public\\index.php(55): Illuminate\\Foundation\\Http\\Kernel->handle(Object(Illuminate\\Http\\Request))
#9 D:\\Desktop\\Laravel\\server.php(11): require_once('D:\\\\Desktop\\\\Lara...')
#10 {main}
"} 
[2019-02-01 23:38:35] local.ERROR: The D:\Desktop\Laravel/Cache directory must be present and writable. {"exception":"[object] (Exception(code: 0): The D:\\Desktop\\Laravel/Cache directory must be present and writable. at D:\\Desktop\\Laravel\\Vendor\\laravel\\framework\\src\\Illuminate\\Foundation\\PackageManifest.php:168)
[stacktrace]
#0 D:\\Desktop\\Laravel\\Vendor\\laravel\\framework\\src\\Illuminate\\Foundation\\PackageManifest.php(127): Illuminate\\Foundation\\PackageManifest->write(Array)
#1 D:\\Desktop\\Laravel\\Vendor\\laravel\\framework\\src\\Illuminate\\Foundation\\PackageManifest.php(97): Illuminate\\Foundation\\PackageManifest->build()
#2 D:\\Desktop\\Laravel\\Vendor\\laravel\\framework\\src\\Illuminate\\Foundation\\PackageManifest.php(80): Illuminate\\Foundation\\PackageManifest->getManifest()
#3 D:\\Desktop\\Laravel\\Vendor\\laravel\\framework\\src\\Illuminate\\Foundation\\Bootstrap\\RegisterFacades.php(26): Illuminate\\Foundation\\PackageManifest->aliases()
#4 D:\\Desktop\\Laravel\\Vendor\\laravel\\framework\\src\\Illuminate\\Foundation\\Application.php(211): Illuminate\\Foundation\\Bootstrap\\RegisterFacades->bootstrap(Object(Application))
#5 D:\\Desktop\\Laravel\\Vendor\\laravel\\framework\\src\\Illuminate\\Foundation\\Http\\Kernel.php(162): Illuminate\\Foundation\\Application->bootstrapWith(Array)
#6 D:\\Desktop\\Laravel\\Vendor\\laravel\\framework\\src\\Illuminate\\Foundation\\Http\\Kernel.php(146): Illuminate\\Foundation\\Http\\Kernel->bootstrap()
#7 D:\\Desktop\\Laravel\\Vendor\\laravel\\framework\\src\\Illuminate\\Foundation\\Http\\Kernel.php(116): Illuminate\\Foundation\\Http\\Kernel->sendRequestThroughRouter(Object(Illuminate\\Http\\Request))
#8 D:\\Desktop\\Laravel\\Public\\index.php(55): Illuminate\\Foundation\\Http\\Kernel->handle(Object(Illuminate\\Http\\Request))
#9 D:\\Desktop\\Laravel\\server.php(11): require_once('D:\\\\Desktop\\\\Lara...')
#10 {main}
"} 
