[2019-02-01 22:57:28] laravel.EMERGENCY: Unable to create configured logger. Using emergency logger. {"exception":"[object] (InvalidArgumentException(code: 0): Log [] is not defined. at D:\\Desktop\\Laravel\\Vendor\\laravel\\framework\\src\\Illuminate\\Log\\LogManager.php:168)
[stacktrace]
#0 D:\\Desktop\\Laravel\\Vendor\\laravel\\framework\\src\\Illuminate\\Log\\LogManager.php(102): Illuminate\\Log\\LogManager->resolve(NULL)
#1 D:\\Desktop\\Laravel\\Vendor\\laravel\\framework\\src\\Illuminate\\Log\\LogManager.php(90): Illuminate\\Log\\LogManager->get(NULL)
#2 D:\\Desktop\\Laravel\\Vendor\\laravel\\framework\\src\\Illuminate\\Log\\LogManager.php(498): Illuminate\\Log\\LogManager->driver()
#3 D:\\Desktop\\Laravel\\Vendor\\laravel\\framework\\src\\Illuminate\\Foundation\\Exceptions\\Handler.php(114): Illuminate\\Log\\LogManager->error('Class path.stor...', Array)
#4 D:\\Desktop\\Laravel\\App\\Exceptions\\Handler.php(37): Illuminate\\Foundation\\Exceptions\\Handler->report(Object(ReflectionException))
#5 D:\\Desktop\\Laravel\\Vendor\\laravel\\framework\\src\\Illuminate\\Foundation\\Http\\Kernel.php(314): App\\Exceptions\\Handler->report(Object(ReflectionException))
#6 D:\\Desktop\\Laravel\\Vendor\\laravel\\framework\\src\\Illuminate\\Foundation\\Http\\Kernel.php(118): Illuminate\\Foundation\\Http\\Kernel->reportException(Object(ReflectionException))
#7 D:\\Desktop\\Laravel\\Public\\index.php(55): Illuminate\\Foundation\\Http\\Kernel->handle(Object(Illuminate\\Http\\Request))
#8 D:\\Desktop\\Laravel\\server.php(11): require_once('D:\\\\Desktop\\\\Lara...')
#9 {main}
"} 
[2019-02-01 22:57:28] laravel.ERROR: Class path.storage does not exist {"exception":"[object] (ReflectionException(code: -1): Class path.storage does not exist at D:\\Desktop\\Laravel\\Vendor\\laravel\\framework\\src\\Illuminate\\Container\\Container.php:779)
[stacktrace]
#0 D:\\Desktop\\Laravel\\Vendor\\laravel\\framework\\src\\Illuminate\\Container\\Container.php(779): ReflectionClass->__construct('path.storage')
#1 D:\\Desktop\\Laravel\\Vendor\\laravel\\framework\\src\\Illuminate\\Container\\Container.php(658): Illuminate\\Container\\Container->build('path.storage')
#2 D:\\Desktop\\Laravel\\Vendor\\laravel\\framework\\src\\Illuminate\\Container\\Container.php(609): Illuminate\\Container\\Container->resolve('path.storage', Array)
#3 D:\\Desktop\\Laravel\\Vendor\\laravel\\framework\\src\\Illuminate\\Foundation\\Application.php(759): Illuminate\\Container\\Container->make('path.storage', Array)
#4 D:\\Desktop\\Laravel\\Vendor\\laravel\\framework\\src\\Illuminate\\Foundation\\helpers.php(121): Illuminate\\Foundation\\Application->make('path.storage', Array)
#5 D:\\Desktop\\Laravel\\Vendor\\laravel\\framework\\src\\Illuminate\\Foundation\\helpers.php(886): app('path.storage')
#6 D:\\Desktop\\Laravel\\Config\\cache.php(51): storage_path('framework/cache...')
#7 D:\\Desktop\\Laravel\\Vendor\\laravel\\framework\\src\\Illuminate\\Foundation\\Bootstrap\\LoadConfiguration.php(72): require('D:\\\\Desktop\\\\Lara...')
#8 D:\\Desktop\\Laravel\\Vendor\\laravel\\framework\\src\\Illuminate\\Foundation\\Bootstrap\\LoadConfiguration.php(39): Illuminate\\Foundation\\Bootstrap\\LoadConfiguration->loadConfigurationFiles(Object(Application), Object(Illuminate\\Config\\Repository))
#9 D:\\Desktop\\Laravel\\Vendor\\laravel\\framework\\src\\Illuminate\\Foundation\\Application.php(211): Illuminate\\Foundation\\Bootstrap\\LoadConfiguration->bootstrap(Object(Application))
#10 D:\\Desktop\\Laravel\\Vendor\\laravel\\framework\\src\\Illuminate\\Foundation\\Http\\Kernel.php(162): Illuminate\\Foundation\\Application->bootstrapWith(Array)
#11 D:\\Desktop\\Laravel\\Vendor\\laravel\\framework\\src\\Illuminate\\Foundation\\Http\\Kernel.php(146): Illuminate\\Foundation\\Http\\Kernel->bootstrap()
#12 D:\\Desktop\\Laravel\\Vendor\\laravel\\framework\\src\\Illuminate\\Foundation\\Http\\Kernel.php(116): Illuminate\\Foundation\\Http\\Kernel->sendRequestThroughRouter(Object(Illuminate\\Http\\Request))
#13 D:\\Desktop\\Laravel\\Public\\index.php(55): Illuminate\\Foundation\\Http\\Kernel->handle(Object(Illuminate\\Http\\Request))
#14 D:\\Desktop\\Laravel\\server.php(11): require_once('D:\\\\Desktop\\\\Lara...')
#15 {main}
"} 
[2019-02-01 22:59:42] laravel.EMERGENCY: Unable to create configured logger. Using emergency logger. {"exception":"[object] (InvalidArgumentException(code: 0): Log [] is not defined. at D:\\Desktop\\Laravel\\Vendor\\laravel\\framework\\src\\Illuminate\\Log\\LogManager.php:168)
[stacktrace]
#0 D:\\Desktop\\Laravel\\Vendor\\laravel\\framework\\src\\Illuminate\\Log\\LogManager.php(102): Illuminate\\Log\\LogManager->resolve(NULL)
#1 D:\\Desktop\\Laravel\\Vendor\\laravel\\framework\\src\\Illuminate\\Log\\LogManager.php(90): Illuminate\\Log\\LogManager->get(NULL)
#2 D:\\Desktop\\Laravel\\Vendor\\laravel\\framework\\src\\Illuminate\\Log\\LogManager.php(498): Illuminate\\Log\\LogManager->driver()
#3 D:\\Desktop\\Laravel\\Vendor\\laravel\\framework\\src\\Illuminate\\Foundation\\Exceptions\\Handler.php(114): Illuminate\\Log\\LogManager->error('Class path.stor...', Array)
#4 D:\\Desktop\\Laravel\\App\\Exceptions\\Handler.php(37): Illuminate\\Foundation\\Exceptions\\Handler->report(Object(ReflectionException))
#5 D:\\Desktop\\Laravel\\Vendor\\laravel\\framework\\src\\Illuminate\\Foundation\\Http\\Kernel.php(314): App\\Exceptions\\Handler->report(Object(ReflectionException))
#6 D:\\Desktop\\Laravel\\Vendor\\laravel\\framework\\src\\Illuminate\\Foundation\\Http\\Kernel.php(118): Illuminate\\Foundation\\Http\\Kernel->reportException(Object(ReflectionException))
#7 D:\\Desktop\\Laravel\\Public\\index.php(55): Illuminate\\Foundation\\Http\\Kernel->handle(Object(Illuminate\\Http\\Request))
#8 D:\\Desktop\\Laravel\\server.php(11): require_once('D:\\\\Desktop\\\\Lara...')
#9 {main}
"} 
[2019-02-01 22:59:42] laravel.ERROR: Class path.storage does not exist {"exception":"[object] (ReflectionException(code: -1): Class path.storage does not exist at D:\\Desktop\\Laravel\\Vendor\\laravel\\framework\\src\\Illuminate\\Container\\Container.php:779)
[stacktrace]
#0 D:\\Desktop\\Laravel\\Vendor\\laravel\\framework\\src\\Illuminate\\Container\\Container.php(779): ReflectionClass->__construct('path.storage')
#1 D:\\Desktop\\Laravel\\Vendor\\laravel\\framework\\src\\Illuminate\\Container\\Container.php(658): Illuminate\\Container\\Container->build('path.storage')
#2 D:\\Desktop\\Laravel\\Vendor\\laravel\\framework\\src\\Illuminate\\Container\\Container.php(609): Illuminate\\Container\\Container->resolve('path.storage', Array)
#3 D:\\Desktop\\Laravel\\Vendor\\laravel\\framework\\src\\Illuminate\\Foundation\\Application.php(759): Illuminate\\Container\\Container->make('path.storage', Array)
#4 D:\\Desktop\\Laravel\\Vendor\\laravel\\framework\\src\\Illuminate\\Foundation\\helpers.php(121): Illuminate\\Foundation\\Application->make('path.storage', Array)
#5 D:\\Desktop\\Laravel\\Vendor\\laravel\\framework\\src\\Illuminate\\Foundation\\helpers.php(886): app('path.storage')
#6 D:\\Desktop\\Laravel\\Config\\cache.php(51): storage_path('framework/cache...')
#7 D:\\Desktop\\Laravel\\Vendor\\laravel\\framework\\src\\Illuminate\\Foundation\\Bootstrap\\LoadConfiguration.php(72): require('D:\\\\Desktop\\\\Lara...')
#8 D:\\Desktop\\Laravel\\Vendor\\laravel\\framework\\src\\Illuminate\\Foundation\\Bootstrap\\LoadConfiguration.php(39): Illuminate\\Foundation\\Bootstrap\\LoadConfiguration->loadConfigurationFiles(Object(Application), Object(Illuminate\\Config\\Repository))
#9 D:\\Desktop\\Laravel\\Vendor\\laravel\\framework\\src\\Illuminate\\Foundation\\Application.php(211): Illuminate\\Foundation\\Bootstrap\\LoadConfiguration->bootstrap(Object(Application))
#10 D:\\Desktop\\Laravel\\Vendor\\laravel\\framework\\src\\Illuminate\\Foundation\\Http\\Kernel.php(162): Illuminate\\Foundation\\Application->bootstrapWith(Array)
#11 D:\\Desktop\\Laravel\\Vendor\\laravel\\framework\\src\\Illuminate\\Foundation\\Http\\Kernel.php(146): Illuminate\\Foundation\\Http\\Kernel->bootstrap()
#12 D:\\Desktop\\Laravel\\Vendor\\laravel\\framework\\src\\Illuminate\\Foundation\\Http\\Kernel.php(116): Illuminate\\Foundation\\Http\\Kernel->sendRequestThroughRouter(Object(Illuminate\\Http\\Request))
#13 D:\\Desktop\\Laravel\\Public\\index.php(55): Illuminate\\Foundation\\Http\\Kernel->handle(Object(Illuminate\\Http\\Request))
#14 D:\\Desktop\\Laravel\\server.php(11): require_once('D:\\\\Desktop\\\\Lara...')
#15 {main}
"} 
[2019-02-01 23:13:24] laravel.EMERGENCY: Unable to create configured logger. Using emergency logger. {"exception":"[object] (InvalidArgumentException(code: 0): Log [] is not defined. at D:\\Desktop\\Laravel\\Vendor\\laravel\\framework\\src\\Illuminate\\Log\\LogManager.php:168)
[stacktrace]
#0 D:\\Desktop\\Laravel\\Vendor\\laravel\\framework\\src\\Illuminate\\Log\\LogManager.php(102): Illuminate\\Log\\LogManager->resolve(NULL)
#1 D:\\Desktop\\Laravel\\Vendor\\laravel\\framework\\src\\Illuminate\\Log\\LogManager.php(90): Illuminate\\Log\\LogManager->get(NULL)
#2 D:\\Desktop\\Laravel\\Vendor\\laravel\\framework\\src\\Illuminate\\Log\\LogManager.php(498): Illuminate\\Log\\LogManager->driver()
#3 D:\\Desktop\\Laravel\\Vendor\\laravel\\framework\\src\\Illuminate\\Foundation\\Exceptions\\Handler.php(114): Illuminate\\Log\\LogManager->error('Directory name ...', Array)
#4 D:\\Desktop\\Laravel\\App\\Exceptions\\Handler.php(37): Illuminate\\Foundation\\Exceptions\\Handler->report(Object(RuntimeException))
#5 D:\\Desktop\\Laravel\\Vendor\\laravel\\framework\\src\\Illuminate\\Foundation\\Http\\Kernel.php(314): App\\Exceptions\\Handler->report(Object(RuntimeException))
#6 D:\\Desktop\\Laravel\\Vendor\\laravel\\framework\\src\\Illuminate\\Foundation\\Http\\Kernel.php(118): Illuminate\\Foundation\\Http\\Kernel->reportException(Object(RuntimeException))
#7 D:\\Desktop\\Laravel\\Public\\index.php(55): Illuminate\\Foundation\\Http\\Kernel->handle(Object(Illuminate\\Http\\Request))
#8 D:\\Desktop\\Laravel\\server.php(11): require_once('D:\\\\Desktop\\\\Lara...')
#9 {main}
"} 
[2019-02-01 23:13:24] laravel.ERROR: Directory name must not be empty. {"exception":"[object] (RuntimeException(code: 0): Directory name must not be empty. at D:\\Desktop\\Laravel\\Vendor\\symfony\\finder\\Iterator\\RecursiveDirectoryIterator.php:48)
[stacktrace]
#0 D:\\Desktop\\Laravel\\Vendor\\symfony\\finder\\Iterator\\RecursiveDirectoryIterator.php(48): RecursiveDirectoryIterator->__construct('', 4096)
#1 D:\\Desktop\\Laravel\\Vendor\\symfony\\finder\\Finder.php(713): Symfony\\Component\\Finder\\Iterator\\RecursiveDirectoryIterator->__construct('', 4096, false)
#2 D:\\Desktop\\Laravel\\Vendor\\symfony\\finder\\Finder.php(606): Symfony\\Component\\Finder\\Finder->searchInDirectory('')
#3 D:\\Desktop\\Laravel\\Vendor\\laravel\\framework\\src\\Illuminate\\Foundation\\Bootstrap\\LoadConfiguration.php(88): Symfony\\Component\\Finder\\Finder->getIterator()
#4 D:\\Desktop\\Laravel\\Vendor\\laravel\\framework\\src\\Illuminate\\Foundation\\Bootstrap\\LoadConfiguration.php(65): Illuminate\\Foundation\\Bootstrap\\LoadConfiguration->getConfigurationFiles(Object(Application))
#5 D:\\Desktop\\Laravel\\Vendor\\laravel\\framework\\src\\Illuminate\\Foundation\\Bootstrap\\LoadConfiguration.php(39): Illuminate\\Foundation\\Bootstrap\\LoadConfiguration->loadConfigurationFiles(Object(Application), Object(Illuminate\\Config\\Repository))
#6 D:\\Desktop\\Laravel\\Vendor\\laravel\\framework\\src\\Illuminate\\Foundation\\Application.php(211): Illuminate\\Foundation\\Bootstrap\\LoadConfiguration->bootstrap(Object(Application))
#7 D:\\Desktop\\Laravel\\Vendor\\laravel\\framework\\src\\Illuminate\\Foundation\\Http\\Kernel.php(162): Illuminate\\Foundation\\Application->bootstrapWith(Array)
#8 D:\\Desktop\\Laravel\\Vendor\\laravel\\framework\\src\\Illuminate\\Foundation\\Http\\Kernel.php(146): Illuminate\\Foundation\\Http\\Kernel->bootstrap()
#9 D:\\Desktop\\Laravel\\Vendor\\laravel\\framework\\src\\Illuminate\\Foundation\\Http\\Kernel.php(116): Illuminate\\Foundation\\Http\\Kernel->sendRequestThroughRouter(Object(Illuminate\\Http\\Request))
#10 D:\\Desktop\\Laravel\\Public\\index.php(55): Illuminate\\Foundation\\Http\\Kernel->handle(Object(Illuminate\\Http\\Request))
#11 D:\\Desktop\\Laravel\\server.php(11): require_once('D:\\\\Desktop\\\\Lara...')
#12 {main}
"} 
[2019-02-01 23:13:59] laravel.EMERGENCY: Unable to create configured logger. Using emergency logger. {"exception":"[object] (InvalidArgumentException(code: 0): Log [] is not defined. at D:\\Desktop\\Laravel\\Vendor\\laravel\\framework\\src\\Illuminate\\Log\\LogManager.php:168)
[stacktrace]
#0 D:\\Desktop\\Laravel\\Vendor\\laravel\\framework\\src\\Illuminate\\Log\\LogManager.php(102): Illuminate\\Log\\LogManager->resolve(NULL)
#1 D:\\Desktop\\Laravel\\Vendor\\laravel\\framework\\src\\Illuminate\\Log\\LogManager.php(90): Illuminate\\Log\\LogManager->get(NULL)
#2 D:\\Desktop\\Laravel\\Vendor\\laravel\\framework\\src\\Illuminate\\Log\\LogManager.php(498): Illuminate\\Log\\LogManager->driver()
#3 D:\\Desktop\\Laravel\\Vendor\\laravel\\framework\\src\\Illuminate\\Foundation\\Exceptions\\Handler.php(114): Illuminate\\Log\\LogManager->error('Directory name ...', Array)
#4 D:\\Desktop\\Laravel\\App\\Exceptions\\Handler.php(37): Illuminate\\Foundation\\Exceptions\\Handler->report(Object(RuntimeException))
#5 D:\\Desktop\\Laravel\\Vendor\\laravel\\framework\\src\\Illuminate\\Foundation\\Http\\Kernel.php(314): App\\Exceptions\\Handler->report(Object(RuntimeException))
#6 D:\\Desktop\\Laravel\\Vendor\\laravel\\framework\\src\\Illuminate\\Foundation\\Http\\Kernel.php(118): Illuminate\\Foundation\\Http\\Kernel->reportException(Object(RuntimeException))
#7 D:\\Desktop\\Laravel\\Public\\index.php(55): Illuminate\\Foundation\\Http\\Kernel->handle(Object(Illuminate\\Http\\Request))
#8 D:\\Desktop\\Laravel\\server.php(11): require_once('D:\\\\Desktop\\\\Lara...')
#9 {main}
"} 
[2019-02-01 23:13:59] laravel.ERROR: Directory name must not be empty. {"exception":"[object] (RuntimeException(code: 0): Directory name must not be empty. at D:\\Desktop\\Laravel\\Vendor\\symfony\\finder\\Iterator\\RecursiveDirectoryIterator.php:48)
[stacktrace]
#0 D:\\Desktop\\Laravel\\Vendor\\symfony\\finder\\Iterator\\RecursiveDirectoryIterator.php(48): RecursiveDirectoryIterator->__construct('', 4096)
#1 D:\\Desktop\\Laravel\\Vendor\\symfony\\finder\\Finder.php(713): Symfony\\Component\\Finder\\Iterator\\RecursiveDirectoryIterator->__construct('', 4096, false)
#2 D:\\Desktop\\Laravel\\Vendor\\symfony\\finder\\Finder.php(606): Symfony\\Component\\Finder\\Finder->searchInDirectory('')
#3 D:\\Desktop\\Laravel\\Vendor\\laravel\\framework\\src\\Illuminate\\Foundation\\Bootstrap\\LoadConfiguration.php(88): Symfony\\Component\\Finder\\Finder->getIterator()
#4 D:\\Desktop\\Laravel\\Vendor\\laravel\\framework\\src\\Illuminate\\Foundation\\Bootstrap\\LoadConfiguration.php(65): Illuminate\\Foundation\\Bootstrap\\LoadConfiguration->getConfigurationFiles(Object(Application))
#5 D:\\Desktop\\Laravel\\Vendor\\laravel\\framework\\src\\Illuminate\\Foundation\\Bootstrap\\LoadConfiguration.php(39): Illuminate\\Foundation\\Bootstrap\\LoadConfiguration->loadConfigurationFiles(Object(Application), Object(Illuminate\\Config\\Repository))
#6 D:\\Desktop\\Laravel\\Vendor\\laravel\\framework\\src\\Illuminate\\Foundation\\Application.php(211): Illuminate\\Foundation\\Bootstrap\\LoadConfiguration->bootstrap(Object(Application))
#7 D:\\Desktop\\Laravel\\Vendor\\laravel\\framework\\src\\Illuminate\\Foundation\\Http\\Kernel.php(162): Illuminate\\Foundation\\Application->bootstrapWith(Array)
#8 D:\\Desktop\\Laravel\\Vendor\\laravel\\framework\\src\\Illuminate\\Foundation\\Http\\Kernel.php(146): Illuminate\\Foundation\\Http\\Kernel->bootstrap()
#9 D:\\Desktop\\Laravel\\Vendor\\laravel\\framework\\src\\Illuminate\\Foundation\\Http\\Kernel.php(116): Illuminate\\Foundation\\Http\\Kernel->sendRequestThroughRouter(Object(Illuminate\\Http\\Request))
#10 D:\\Desktop\\Laravel\\Public\\index.php(55): Illuminate\\Foundation\\Http\\Kernel->handle(Object(Illuminate\\Http\\Request))
#11 D:\\Desktop\\Laravel\\server.php(11): require_once('D:\\\\Desktop\\\\Lara...')
#12 {main}
"} 
